2021-09-30 13:20:39.261830: [DEBUG  ] /Users/johnbensen/Documents/project-1/test_urls.txt is open.
2021-09-30 13:20:39.262041: [DEBUG  ] https://github.com/cloudinary/cloudinary_npm is of type: github
2021-09-30 13:20:40.806499: [WARNING] No license found for repository 'cloudinary_npm'
2021-09-30 13:20:40.806841: [TRACE  ] 'cloudinary_npm' repository is downloaded
2021-09-30 13:20:40.807220: [DEBUG  ] https://www.npmjs.com/package/express is of type: npm
2021-09-30 13:20:47.316445: [TRACE  ] 'express' repository is downloaded
2021-09-30 13:20:47.317288: [DEBUG  ] /Users/johnbensen/Documents/project-1/test_urls.txt is closed.
2021-09-30 13:20:47.317713: [TRACE  ] Repository list is created, contains repositories: ['cloudinary_npm', 'express', ]
2021-09-30 13:20:47.318033: [TRACE  ] Metrics are created, contains metrics: ['ramp up', 'correctness', 'bus factor', 'responsiveness', 'license', ]
2021-09-30 13:20:47.318380: [DEBUG  ] Repository 'cloudinary_npm' has 'ramp up' score of 259
2021-09-30 13:20:47.318559: [DEBUG  ] Repository 'express' has 'ramp up' score of 159
2021-09-30 13:20:47.318714: [DEBUG  ] Scores for metric 'ramp up' are: ['cloudinary_npm': 259, 'express': 159, ]
2021-09-30 13:20:47.318940: [TRACE  ] Normalized scores for metric 'ramp up' are: ['cloudinary_npm': 1.0, 'express': 0.0, ]
2021-09-30 13:20:47.319091: [DEBUG  ] Repository 'cloudinary_npm' has 'correctness' score of 773
2021-09-30 13:20:47.319230: [DEBUG  ] Repository 'express' has 'correctness' score of 63780
2021-09-30 13:20:47.319362: [DEBUG  ] Scores for metric 'correctness' are: ['cloudinary_npm': 773, 'express': 63780, ]
2021-09-30 13:20:47.319501: [TRACE  ] Normalized scores for metric 'correctness' are: ['cloudinary_npm': 0.0, 'express': 1.0, ]
2021-09-30 13:20:47.319726: [DEBUG  ] Repository 'cloudinary_npm' has 'bus factor' score of 11
2021-09-30 13:20:47.319891: [DEBUG  ] Repository 'express' has 'bus factor' score of 8
2021-09-30 13:20:47.320023: [DEBUG  ] Scores for metric 'bus factor' are: ['cloudinary_npm': 11, 'express': 8, ]
2021-09-30 13:20:47.320161: [TRACE  ] Normalized scores for metric 'bus factor' are: ['cloudinary_npm': 1.0, 'express': 0.0, ]
2021-09-30 13:20:47.320351: [DEBUG  ] Repository 'cloudinary_npm' has 'responsiveness' score of -14.285714285714286
2021-09-30 13:20:47.320898: [DEBUG  ] Repository 'express' has 'responsiveness' score of -43.97159090909091
2021-09-30 13:20:47.321018: [DEBUG  ] Scores for metric 'responsiveness' are: ['cloudinary_npm': -14.285714285714286, 'express': -43.97159090909091, ]
2021-09-30 13:20:47.321134: [TRACE  ] Normalized scores for metric 'responsiveness' are: ['cloudinary_npm': 1.0, 'express': 0.0, ]
2021-09-30 13:20:47.321247: [DEBUG  ] Repository 'cloudinary_npm' has 'license' score of 0
2021-09-30 13:20:47.321353: [DEBUG  ] Repository 'express' has 'license' score of 1
2021-09-30 13:20:47.321462: [DEBUG  ] Scores for metric 'license' are: ['cloudinary_npm': 0, 'express': 1, ]
2021-09-30 13:20:47.321571: [TRACE  ] Normalized scores for metric 'license' are: ['cloudinary_npm': 0.0, 'express': 1.0, ]
2021-09-30 13:20:47.321730: [DEBUG  ] Repository 'cloudinary_npm' has subscores: [1.0, 0.0, 1.0, 1.0, 0.0] and the metric weights are [ramp up: 0.1, correctness: 0.2, bus factor: 0.5, responsiveness: 0.3, license: 0.9, ]
2021-09-30 13:20:47.321842: [TRACE  ] Repository 'cloudinary_npm' has overall score of 0.8999999999999999
2021-09-30 13:20:47.321966: [DEBUG  ] Repository 'express' has subscores: [0.0, 1.0, 0.0, 0.0, 1.0] and the metric weights are [ramp up: 0.1, correctness: 0.2, bus factor: 0.5, responsiveness: 0.3, license: 0.9, ]
2021-09-30 13:20:47.322075: [TRACE  ] Repository 'express' has overall score of 1.1
2021-09-30 13:20:47.323229: [TRACE  ] final scores: [{'repository': 'express', 'score': 1.1, 'sub scores': [0.0, 1.0, 0.0, 0.0, 1.0]}, {'repository': 'cloudinary_npm', 'score': 0.8999999999999999, 'sub scores': [1.0, 0.0, 1.0, 1.0, 0.0]}, ]
